[debug] [2023-05-03T13:13:12.845Z] ----------------------------------------------------------------------
[debug] [2023-05-03T13:13:12.846Z] Command:       /opt/homebrew/Cellar/node/20.0.0/bin/node /opt/homebrew/bin/firebase init
[debug] [2023-05-03T13:13:12.846Z] CLI Version:   11.29.1
[debug] [2023-05-03T13:13:12.846Z] Platform:      darwin
[debug] [2023-05-03T13:13:12.847Z] Node Version:  v20.0.0
[debug] [2023-05-03T13:13:12.847Z] Time:          Wed May 03 2023 15:13:12 GMT+0200 (Central European Summer Time)
[debug] [2023-05-03T13:13:12.847Z] ----------------------------------------------------------------------
[debug] 
[debug] [2023-05-03T13:13:12.849Z] > command requires scopes: ["email","openid","https://www.googleapis.com/auth/cloudplatformprojects.readonly","https://www.googleapis.com/auth/firebase","https://www.googleapis.com/auth/cloud-platform"]
[debug] [2023-05-03T13:13:12.849Z] > authorizing via signed-in user (poloniki@ya.ru)
[info] 
     ######## #### ########  ######## ########     ###     ######  ########
     ##        ##  ##     ## ##       ##     ##  ##   ##  ##       ##
     ######    ##  ########  ######   ########  #########  ######  ######
     ##        ##  ##    ##  ##       ##     ## ##     ##       ## ##
     ##       #### ##     ## ######## ########  ##     ##  ######  ########

You're about to initialize a Firebase project in this directory:

  /Users/poloniki/code/poloniki/firebase-gradient-descent

[info] 
=== Project Setup
[info] 
[info] First, let's associate this project directory with a Firebase project.
[info] You can create multiple project aliases by running firebase use --add, 
[info] but for now we'll just set up a default project.
[info] 
[debug] [2023-05-03T13:13:44.427Z] >>> [apiv2][query] GET https://firebase.googleapis.com/v1beta1/projects pageSize=100
[debug] [2023-05-03T13:13:45.081Z] <<< [apiv2][status] GET https://firebase.googleapis.com/v1beta1/projects 200
[debug] [2023-05-03T13:13:45.081Z] <<< [apiv2][body] GET https://firebase.googleapis.com/v1beta1/projects [omitted]
[info] i  Using project lectures-c8a43 (Lectures) 
[info] 
=== Hosting Setup
[info] 
[info] Your public directory is the folder (relative to your project directory) that
[info] will contain Hosting assets to be uploaded with firebase deploy. If you
[info] have a build process for your assets, use your build's output directory.
[info] 
[info] ✔  Wrote public/404.html 
[debug] [2023-05-03T13:14:57.483Z] >>> [apiv2][query] GET https://www.gstatic.com/firebasejs/releases.json [none]
[debug] [2023-05-03T13:14:57.623Z] <<< [apiv2][status] GET https://www.gstatic.com/firebasejs/releases.json 200
[debug] [2023-05-03T13:14:57.624Z] <<< [apiv2][body] GET https://www.gstatic.com/firebasejs/releases.json {"current":{"version":"9.21.0","browserURL":"https://www.gstatic.com/firebasejs/9.21.0/firebase.js","packageURL":"https://www.gstatic.com/firebasejs/9.21.0/firebase.tgz"},"live":{"version":"9.21","browserURL":"https://www.gstatic.com/firebasejs/live/9.21/firebase.js","packageURL":"https://www.gstatic.com/firebasejs/live/9.21/firebase.tgz"},"components":{"analytics":"https://www.gstatic.com/firebasejs/9.21.0/firebase-analytics.js","app":"https://www.gstatic.com/firebasejs/9.21.0/firebase-app.js","app-check":"https://www.gstatic.com/firebasejs/9.21.0/firebase-app-check.js","auth":"https://www.gstatic.com/firebasejs/9.21.0/firebase-auth.js","auth/cordova":"https://www.gstatic.com/firebasejs/9.21.0/firebase-auth/cordova.js","auth/react-native":"https://www.gstatic.com/firebasejs/9.21.0/firebase-auth/react-native.js","functions":"https://www.gstatic.com/firebasejs/9.21.0/firebase-functions.js","firestore":"https://www.gstatic.com/firebasejs/9.21.0/firebase-firestore.js","firestore/lite":"https://www.gstatic.com/firebasejs/9.21.0/firebase-firestore/lite.js","installations":"https://www.gstatic.com/firebasejs/9.21.0/firebase-installations.js","storage":"https://www.gstatic.com/firebasejs/9.21.0/firebase-storage.js","performance":"https://www.gstatic.com/firebasejs/9.21.0/firebase-performance.js","remote-config":"https://www.gstatic.com/firebasejs/9.21.0/firebase-remote-config.js","messaging":"https://www.gstatic.com/firebasejs/9.21.0/firebase-messaging.js","messaging/sw":"https://www.gstatic.com/firebasejs/9.21.0/firebase-messaging/sw.js","database":"https://www.gstatic.com/firebasejs/9.21.0/firebase-database.js","firestore.memory":"https://www.gstatic.com/firebasejs/9.21.0/firebase-firestore.memory.js"}}
[info] ✔  Wrote public/index.html 
[info] 
[info] i  Detected a .git folder at /Users/poloniki/code/poloniki/firebase-gradient-descent 
[info] i  Authorizing with GitHub to upload your service account to a GitHub repository's secrets store. 
[info] 
[info] Visit this URL on this device to log in:
[info] https://github.com/login/oauth/authorize?client_id=89cf50f02ac6aaed3484&state=980387468&redirect_uri=http%3A%2F%2Flocalhost%3A9005&scope=read%3Auser%20repo%20public_repo
[info] 
[info] Waiting for authentication...
[debug] [2023-05-03T13:15:10.685Z] >>> [apiv2][query] POST https://github.com/login/oauth/access_token [none]
[debug] [2023-05-03T13:15:10.685Z] >>> [apiv2][body] POST https://github.com/login/oauth/access_token [stream]
[debug] [2023-05-03T13:15:11.087Z] <<< [apiv2][status] POST https://github.com/login/oauth/access_token 200
[debug] [2023-05-03T13:15:11.088Z] <<< [apiv2][body] POST https://github.com/login/oauth/access_token {"access_token":"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","token_type":"bearer","scope":"read:user,repo"}
[debug] [2023-05-03T13:15:11.097Z] >>> [apiv2][query] GET https://api.github.com/user [none]
[debug] [2023-05-03T13:15:11.497Z] <<< [apiv2][status] GET https://api.github.com/user 200
[debug] [2023-05-03T13:15:11.497Z] <<< [apiv2][body] GET https://api.github.com/user {"login":"poloniki","id":31213542,"node_id":"MDQ6VXNlcjMxMjEzNTQy","avatar_url":"https://avatars.githubusercontent.com/u/31213542?v=4","gravatar_id":"","url":"https://api.github.com/users/poloniki","html_url":"https://github.com/poloniki","followers_url":"https://api.github.com/users/poloniki/followers","following_url":"https://api.github.com/users/poloniki/following{/other_user}","gists_url":"https://api.github.com/users/poloniki/gists{/gist_id}","starred_url":"https://api.github.com/users/poloniki/starred{/owner}{/repo}","subscriptions_url":"https://api.github.com/users/poloniki/subscriptions","organizations_url":"https://api.github.com/users/poloniki/orgs","repos_url":"https://api.github.com/users/poloniki/repos","events_url":"https://api.github.com/users/poloniki/events{/privacy}","received_events_url":"https://api.github.com/users/poloniki/received_events","type":"User","site_admin":false,"name":"Polovinkin Nikita","company":null,"blog":"","location":"Barcelona","email":"poloniki@ya.ru","hireable":null,"bio":null,"twitter_username":null,"public_repos":32,"public_gists":7,"followers":4,"following":0,"created_at":"2017-08-21T14:07:07Z","updated_at":"2023-04-25T20:56:10Z","private_gists":1,"total_private_repos":26,"owned_private_repos":24,"disk_usage":512560,"collaborators":1,"two_factor_authentication":false,"plan":{"name":"free","space":976562499,"collaborators":0,"private_repos":10000}}
[info] 
[info] ✔  Success! Logged into GitHub as poloniki 
[info] 
[debug] [2023-05-03T13:15:40.809Z] >>> [apiv2][query] GET https://api.github.com/repos/exte/actions/secrets/public-key type=owner
[debug] [2023-05-03T13:15:41.193Z] <<< [apiv2][status] GET https://api.github.com/repos/exte/actions/secrets/public-key 404
[debug] [2023-05-03T13:15:41.194Z] <<< [apiv2][body] GET https://api.github.com/repos/exte/actions/secrets/public-key {"message":"Not Found","documentation_url":"https://docs.github.com/rest"}
[info] 
[info] 
[error] ⚠  The provided authorization cannot be used with this repository. If this repository is in an organization, did you remember to grant access? 
[info] 
[info] i  Action required: Visit this URL to ensure access has been granted to the appropriate organization(s) for the Firebase CLI GitHub OAuth App: 
[info] https://github.com/settings/connections/applications/89cf50f02ac6aaed3484
[info] 
[debug] [2023-05-03T13:15:49.768Z] >>> [apiv2][query] GET https://api.github.com/repos/no/actions/secrets/public-key type=owner
[debug] [2023-05-03T13:15:50.037Z] <<< [apiv2][status] GET https://api.github.com/repos/no/actions/secrets/public-key 404
[debug] [2023-05-03T13:15:50.037Z] <<< [apiv2][body] GET https://api.github.com/repos/no/actions/secrets/public-key {"message":"Not Found","documentation_url":"https://docs.github.com/rest"}
[info] 
[info] 
[error] ⚠  The provided authorization cannot be used with this repository. If this repository is in an organization, did you remember to grant access? 
[info] 
[info] i  Action required: Visit this URL to ensure access has been granted to the appropriate organization(s) for the Firebase CLI GitHub OAuth App: 
[info] https://github.com/settings/connections/applications/89cf50f02ac6aaed3484
[info] 
